System is already following XDG .cache and .config specifications
config: /root/.config/icedtea-web file exists: true
cache: /root/.cache/icedtea-web file exists:true
java.io.FileNotFoundException: /root/.config/icedtea-web/deployment.properties (No existe el fichero o el directorio)
	at java.io.FileInputStream.open0(Native Method)
	at java.io.FileInputStream.open(FileInputStream.java:195)
	at java.io.FileInputStream.<init>(FileInputStream.java:138)
	at java.io.FileReader.<init>(FileReader.java:72)
	at net.sourceforge.jnlp.config.DeploymentConfiguration.parsePropertiesFile(DeploymentConfiguration.java:661)
	at net.sourceforge.jnlp.config.DeploymentConfiguration.findSystemConfigFile(DeploymentConfiguration.java:484)
	at net.sourceforge.jnlp.config.DeploymentConfiguration.load(DeploymentConfiguration.java:296)
	at net.sourceforge.jnlp.config.DeploymentConfiguration.load(DeploymentConfiguration.java:279)
	at net.sourceforge.jnlp.runtime.JNLPRuntime$DeploymentConfigurationHolder.initConfiguration(JNLPRuntime.java:457)
	at net.sourceforge.jnlp.runtime.JNLPRuntime$DeploymentConfigurationHolder.<clinit>(JNLPRuntime.java:452)
	at net.sourceforge.jnlp.runtime.JNLPRuntime.getConfiguration(JNLPRuntime.java:487)
	at net.sourceforge.jnlp.config.DirectoryValidator.<init>(DirectoryValidator.java:226)
	at net.sourceforge.jnlp.config.DeploymentConfiguration.move14AndOlderFilesTo15Structure(DeploymentConfiguration.java:836)
	at net.sourceforge.jnlp.config.DeploymentConfiguration.move14AndOlderFilesTo15StructureCatched(DeploymentConfiguration.java:736)
	at net.sourceforge.jnlp.runtime.Boot.main(Boot.java:112)

No User level deployment.properties found.
java.io.FileNotFoundException: /root/.config/icedtea-web/deployment.properties (No existe el fichero o el directorio)
	at java.io.FileInputStream.open0(Native Method)
	at java.io.FileInputStream.open(FileInputStream.java:195)
	at java.io.FileInputStream.<init>(FileInputStream.java:138)
	at java.io.FileReader.<init>(FileReader.java:72)
	at net.sourceforge.jnlp.config.DeploymentConfiguration.loadComments(DeploymentConfiguration.java:877)
	at net.sourceforge.jnlp.config.DeploymentConfiguration.load(DeploymentConfiguration.java:336)
	at net.sourceforge.jnlp.config.DeploymentConfiguration.load(DeploymentConfiguration.java:298)
	at net.sourceforge.jnlp.config.DeploymentConfiguration.load(DeploymentConfiguration.java:279)
	at net.sourceforge.jnlp.runtime.JNLPRuntime$DeploymentConfigurationHolder.initConfiguration(JNLPRuntime.java:457)
	at net.sourceforge.jnlp.runtime.JNLPRuntime$DeploymentConfigurationHolder.<clinit>(JNLPRuntime.java:452)
	at net.sourceforge.jnlp.runtime.JNLPRuntime.getConfiguration(JNLPRuntime.java:487)
	at net.sourceforge.jnlp.config.DirectoryValidator.<init>(DirectoryValidator.java:226)
	at net.sourceforge.jnlp.config.DeploymentConfiguration.move14AndOlderFilesTo15Structure(DeploymentConfiguration.java:836)
	at net.sourceforge.jnlp.config.DeploymentConfiguration.move14AndOlderFilesTo15StructureCatched(DeploymentConfiguration.java:736)
	at net.sourceforge.jnlp.runtime.Boot.main(Boot.java:112)

WARNING: key deployment.system.cachedir has no value, setting to default value
WARNING: key deployment.system.cachedir has no value, skipping
Forcing of offline set to: false
java.security.AccessControlException: access denied ("java.io.FilePermission" "/usr/bin/xprop" "execute")
	at java.security.AccessControlContext.checkPermission(AccessControlContext.java:472)
	at java.security.AccessController.checkPermission(AccessController.java:884)
	at java.lang.SecurityManager.checkPermission(SecurityManager.java:549)
	at java.lang.SecurityManager.checkExec(SecurityManager.java:796)
	at java.lang.ProcessBuilder.start(ProcessBuilder.java:1018)
	at java.lang.Runtime.exec(Runtime.java:620)
	at java.lang.Runtime.exec(Runtime.java:450)
	at java.lang.Runtime.exec(Runtime.java:347)
	at org.GNOME.Accessibility.AtkWrapper.<clinit>(AtkWrapper.java:34)
	at sun.reflect.NativeConstructorAccessorImpl.newInstance0(Native Method)
	at sun.reflect.NativeConstructorAccessorImpl.newInstance(NativeConstructorAccessorImpl.java:62)
	at sun.reflect.DelegatingConstructorAccessorImpl.newInstance(DelegatingConstructorAccessorImpl.java:45)
	at java.lang.reflect.Constructor.newInstance(Constructor.java:423)
	at java.lang.Class.newInstance(Class.java:442)
	at java.awt.Toolkit.loadAssistiveTechnologies(Toolkit.java:805)
	at java.awt.Toolkit.getDefaultToolkit(Toolkit.java:886)
	at javax.swing.UIManager.getSystemLookAndFeelClassName(UIManager.java:611)
	at net.sourceforge.jnlp.runtime.JNLPRuntime.initialize(JNLPRuntime.java:218)
	at net.sourceforge.jnlp.runtime.Boot.init(Boot.java:326)
	at net.sourceforge.jnlp.runtime.JnlpBoot.run(JnlpBoot.java:58)
	at net.sourceforge.jnlp.runtime.Boot.run(Boot.java:245)
	at net.sourceforge.jnlp.runtime.Boot.run(Boot.java:63)
	at java.security.AccessController.doPrivileged(Native Method)
	at net.sourceforge.jnlp.runtime.Boot.main(Boot.java:195)
Gtk-Message: Failed to load module "canberra-gtk-module"
Starting security dialog thread
Using firefox's profiles file: /root/.mozilla/firefox/profiles.ini
Found preferences file: /root/.mozilla/firefox/4hdfso24.default/prefs.js
Read 64 entries from Firefox's preferences
Proceeding with jnlp
net.sourceforge.jnlp.util.optionparser.InvalidArgumentException: [[Contest, JNLP, file]]
	at net.sourceforge.jnlp.runtime.Boot.getMainFile(Boot.java:309)
	at net.sourceforge.jnlp.runtime.Boot.getFileLocation(Boot.java:266)
	at net.sourceforge.jnlp.runtime.JnlpBoot.run(JnlpBoot.java:67)
	at net.sourceforge.jnlp.runtime.Boot.run(Boot.java:245)
	at net.sourceforge.jnlp.runtime.Boot.run(Boot.java:63)
	at java.security.AccessController.doPrivileged(Native Method)
	at net.sourceforge.jnlp.runtime.Boot.main(Boot.java:195)

netx: Invalid argument: net.sourceforge.jnlp.util.optionparser.InvalidArgumentException: [[Contest, JNLP, file]]
System logger called with result of 0
System logger called with result of 0
System logger called with result of 0
